<?xml version="1.0" encoding="UTF-8"?>
<testsuite name="ru.stqa.pft.sendbox.SquareTests" tests="1" skipped="0" failures="0" errors="0" timestamp="2021-06-28T21:38:46" hostname="MacBook-Pro.local" time="0.008">
  <properties/>
  <testcase name="testArea" classname="ru.stqa.pft.sendbox.SquareTests" time="0.008"/>
  <system-out><![CDATA[]]></system-out>
  <system-err><![CDATA[]]></system-err>
</testsuite>
